0 1 2 3 5 10 13 14 11 15 26 34 25 27 28 30 31 35 38 39 36 41 40 60 53 50 51 52 55 56 63 64 61 65 76 77 78 80 85 88 86 6 17 16 18 19 42 43 44 67 66 68 69 75 81 89 92 91 93 4 33 29 32 46 47 58 59 54 62 57
0 1
1 3
1 2
2 5
2 6
2 4
3 10
5 14
5 13
10 11
13 16
13 18
13 19
14 15
11 17
15 34
26 25
26 28
26 27
34 25
25 33
27 31
27 30
27 29
28 35
30 39
30 38
31 32
35 36
38 41
38 43
38 44
39 40
36 42
41 46
41 47
40 60
60 53
60 61
53 51
50 51
50 58
50 59
51 52
52 56
52 55
52 54
55 64
55 63
56 57
63 66
63 68
63 69
64 65
61 67
61 62
65 76
76 78
76 77
76 75
77 80
77 81
78 85
80 88
80 89
85 86
88 91
88 93
86 92