0 1 2 3 4 18 6 7 8 10 11 16 19 20 21 22 23 30 29 25 28 32 31 54 33 36 37 38 40 39 48 42 45 47 50 52 56 57 58 59 61 60 62 73 76 68 17 46 12 14 51 65 55 24 26 27 34 35 75 74
0 1
1 2
2 3
3 18
3 4
4 6
18 17
6 8
6 7
7 11
8 10
8 12
10 14
11 16
16 19
19 20
20 21
21 22
22 23
22 30
23 25
30 29
30 31
29 32
25 28
25 24
28 26
32 33
32 27
31 54
54 56
33 36
33 34
33 35
36 37
37 38
38 40
40 39
39 42
48 50
48 47
42 45
45 47
50 52
50 46
52 51
56 57
57 58
57 55
58 61
58 59
59 75
61 60
60 73
60 74
62 73
62 76
76 68
68 65