0 1 2 3 4 5 6 7 8 9 10 11 12 13 15 16 17 18 20 21 22 23 24 25 26 27 28 29 30 31 32 33 36 37 41 42 45 48 49 55 56 57 58 14 61 62 66 67 19 71 72 74 75 78 79 81 85 86 91 94 98
0 33
0 25
1 36
1 32
1 23
2 37
2 12
2 14
3 13
3 9
4 41
4 42
4 18
5 26
6 31
6 45
6 21
6 8
7 48
7 27
7 29
8 49
9 28
10 20
11 55
11 56
11 16
12 57
12 58
12 18
13 25
13 24
15 19
16 32
16 66
17 67
17 22
17 30
18 25
20 74
20 26
21 75
22 78
23 79
23 30
23 27
23 26
24 81
24 32
26 86
26 85
29 91
29 31
29 19
30 94
32 98
14 62
14 61
19 72
19 71