0 6 25 27 1 8 28 29 30 14 24 33 35 21 5 18 40 41 42 45 16 10 19 49 50 51 52 55 56 20 60 63 64 68 69 74 78 79 81 82 83 85 86 88 89 90 92 94 98 99 38 43 22 2 3 23 12 13 9 57 67 75 80 87
0 25
0 27
6 45
6 43
25 52
27 83
1 30
1 29
1 28
8 51
8 50
8 49
28 79
29 82
30 99
14 68
14 69
14 67
24 99
24 98
33 55
33 2
35 69
35 3
21 88
21 90
21 89
5 41
5 40
5 42
18 81
18 79
18 80
40 68
41 85
42 60
45 89
16 74
16 75
10 56
10 55
19 83
19 82
49 38
50 86
51 90
52 9
56 78
20 85
20 86
60 94
63 85
63 12
64 98
64 13
69 78
74 89
74 57
81 88
86 87
89 92
92 22
94 23