0 5 26 27 29 9 3 31 7 35 36 4 11 38 39 12 42 46 47 8 50 10 52 56 22 58 60 17 62 63 69 19 71 75 76 77 78 81 82 20 86 92 94 41 85 16 1 2 14 23 18 25 40 51 53 54 55 57 61 72 83 91
0 27
0 26
0 25
5 42
5 41
5 40
26 29
27 56
29 35
29 1
9 52
9 53
9 54
3 36
3 35
31 63
31 2
7 46
7 47
36 38
4 38
4 39
11 58
11 60
39 47
39 75
12 62
12 63
12 61
42 76
46 81
8 50
8 51
50 77
10 56
10 55
10 57
52 86
52 76
52 58
56 77
56 72
22 92
22 91
60 94
17 76
17 78
62 78
63 71
69 71
69 14
19 82
19 83
75 16
76 82
77 92
78 92
81 18
20 86
20 85
94 23