0 10 77 40 62 3 13 56 24 6 39 53 33 9 60 58 11 46 49 47 20 35 16 54 38 26 57 28 29 61 64 31 50 25 1 5 15 18 21 41 42 44 66 67 68 69 70 71 72 74 75 76 79 80 81 82 83 85 86 89 90 91 96 98 7 63 55 30 43
0 10
0 77
0 67
0 68
0 69
0 70
0 71
0 72
0 74
0 76
0 79
0 81
0 82
0 83
0 85
0 86
0 89
0 90
0 91
0 96
0 98
10 3
77 16
40 56
40 1
62 31
62 49
3 13
3 66
13 47
13 20
13 75
13 63
56 26
56 18
24 49
24 5
6 39
6 53
39 16
53 28
53 25
33 20
33 50
33 7
33 43
9 60
9 58
60 31
58 61
11 46
11 49
46 44
47 30
20 54
20 80
20 55
35 28
35 15
54 26
38 29
38 21
26 57
57 41
29 61
29 64
64 50
50 42