0 34 38 36 92 95 30 2 67 4 37 48 39 8 9 66 14 55 12 23 28 59 60 21 35 57 31 33 51 64 62 11 22 43 20 15 26 25 54 44 52 32 69 70 71 72 74 77 78 79 84 87 88 89 90 91 93 94 98 99 5 6 7 13 16 18 53 42 65 58
0 36
0 38
0 92
0 95
0 34
0 32
0 69
0 70
0 71
0 72
0 74
0 77
0 79
0 84
0 87
0 89
0 90
0 91
0 94
0 98
0 99
34 53
38 64
38 25
38 7
38 65
36 31
36 51
36 93
36 6
36 18
36 42
92 35
95 39
30 2
30 44
2 67
67 33
4 37
4 48
37 28
48 8
48 62
39 55
39 14
39 5
8 20
9 14
9 66
66 59
14 78
14 13
55 11
12 28
12 23
23 26
28 54
59 57
59 15
60 51
60 16
21 35
21 43
35 33
57 62
57 22
57 52
31 88
64 58