0 32 3 4 5 21 7 8 24 13 25 36 14 15 39 40 16 17 26 18 23 27 29 31 30 43 35 37 42 46 47 48 49 50 58 59 60 63 61 64 69 75 67 79 80 78 72 77 81 82 83 73 84 95 2 38 74 11 51 55 66 92 19 20 6 9 10 22 28 44 45 41
0 32
32 30
3 4
3 2
4 21
4 5
4 20
5 60
5 7
5 8
5 6
21 23
7 58
8 9
24 25
24 23
13 25
13 10
36 40
36 37
36 11
14 15
14 40
15 16
39 47
39 48
16 17
17 27
26 27
26 29
26 18
26 28
18 23
18 19
23 22
27 31
29 43
29 44
31 30
43 42
35 37
35 46
35 38
42 45
42 41
46 47
48 49
49 50
50 51
58 55
59 63
59 61
60 61
63 64
64 69
69 75
75 84
67 72
67 66
79 78
79 80
79 95
80 77
78 72
72 73
77 81
81 82
82 83
83 74
73 84
95 92