2 3 4 5 6 7 8 9 10 11 13 15 12 17 18 19 24 23 22 21 25 26 27 28 29 30 31 49 48 47 46 45 44 43 42 41 40 39 38 37 36 35 34 33 50 51 52 53 54 55 56 57 58 59 60 61 62 63 64 65 66 67 68 69 70 71 72 73 74 75 76 77 78 79 80 81 82 83 84 85 86 87 88 89 90 91 92 93 94 95 96 97 98 32 16 20
2 49
3 49
3 4
4 5
5 6
6 7
7 8
8 9
9 10
10 13
10 11
11 12
13 15
15 16
12 17
17 18
18 19
19 20
24 23
24 25
23 22
22 21
21 20
25 26
26 27
27 28
28 29
29 30
30 31
31 32
49 48
49 50
48 47
47 46
46 45
45 44
44 43
43 42
42 41
41 40
40 39
39 38
38 37
37 36
36 35
35 34
34 33
50 51
51 52
52 53
53 54
54 55
55 56
56 57
57 58
58 59
59 60
60 61
61 62
62 63
63 64
64 65
65 66
66 67
67 68
68 69
69 70
70 71
71 72
72 73
73 74
74 75
75 76
76 77
77 78
78 79
79 80
80 81
81 82
82 83
83 84
84 85
85 86
86 87
87 88
88 89
89 90
90 91
91 92
92 93
93 94
94 95
95 96
96 97
97 98