0 1 3 4 5 6 7 8 13 17 20 22 23 24 25 26 28 29 31 32 34 35 36 41 43 44 46 48 49 65 67 74 76 78 80 85 87 92 60 2 11 14 15 16 18 10 19 21 27 82 33 42 45 47 50 51 59 81 83 90 95 96
0 34
0 10
1 35
1 29
1 36
3 13
3 8
3 24
3 32
4 20
4 41
4 26
5 43
5 44
5 8
5 31
6 46
6 23
6 45
7 48
7 29
7 47
8 29
8 49
8 50
13 60
13 59
17 67
17 22
17 28
20 74
20 18
22 78
23 80
23 11
24 82
24 81
25 29
25 2
25 83
26 85
28 14
29 92
31 19
31 95
31 96
32 15
34 36
35 33
41 43
44 42
46 48
49 51
65 67
65 16
74 76
76 21
78 80
85 87
87 27
92 90