0 11 2 27 8 24 31 32 33 16 14 10 37 15 23 42 7 9 48 49 51 53 54 55 57 58 60 21 61 64 20 67 68 69 70 72 73 74 78 19 83 84 85 87 89 94 95 96 98 99 28 44 47 90 5 4 12 13 50 52 71 75 86
0 27
11 58
11 60
2 32
2 33
2 31
27 49
8 51
8 49
8 50
24 98
24 99
31 67
32 42
33 57
33 73
16 74
16 73
16 75
14 67
14 69
14 68
10 55
10 57
37 84
37 4
15 72
15 70
15 71
23 95
23 96
23 94
42 5
7 48
7 47
9 53
9 54
9 52
48 67
51 85
51 28
53 74
54 96
54 87
55 61
58 94
60 78
21 89
21 90
61 12
64 68
64 13
20 85
20 87
69 98
70 83
72 87
78 89
19 83
19 84
95 86
99 44