0 1 2 3 4 14 24 34 44 15 17 16 18 22 23 32 33 35 37 36 42 43 46 45 52 53 54 55 57 56 58 62 63 64 66 65 73 74 75 77 76 81 82 83 84 94 95 97 96 98 25 21 38 41 47 61 67 72 78 19 31 51 59 80 99
0 1
1 2
2 3
3 4
4 14
14 15
14 24
24 23
24 34
24 25
34 33
34 35
34 44
44 43
44 45
44 54
15 16
17 16
17 18
18 19
22 23
22 21
32 33
32 31
35 36
37 36
37 38
42 43
42 41
46 45
46 47
52 53
52 51
53 54
54 55
54 64
55 56
57 56
57 58
58 59
62 63
62 61
63 64
64 65
64 74
66 65
66 67
73 74
73 72
74 75
74 84
75 76
77 76
77 78
81 82
81 80
82 83
83 84
84 94
94 95
95 96
97 96
97 98
98 99