0 97 94 91 88 85 82 79 76 73 70 67 64 61 58 55 52 49 46 43 40 37 34 31 28 25 1 4 7 10 13 16 19 22 2 5 8 11 14 17 20 23 26 29 32 35 38 41 44 47 50 53 56 59 62 65 68 71 74 77 80 83 86 89 92 95 98 3 6 9 12 15 18 21 24 27 30 33 36 42 39 48 45 54 51 60 57 66 63 81 84 87 90 93 96 99 69 78
0 3
0 97
97 94
94 91
91 88
88 85
85 82
82 79
79 76
76 73
73 70
70 67
67 64
64 61
61 58
58 55
55 52
52 49
49 46
46 43
43 40
40 37
37 34
34 31
31 28
28 25
25 22
1 4
1 98
4 7
7 10
10 13
13 16
16 19
19 22
2 5
2 99
5 8
8 11
11 14
14 17
17 20
20 23
23 26
26 29
29 32
32 35
35 38
38 41
41 44
44 47
47 50
50 53
53 56
56 59
59 62
62 65
65 68
68 71
71 74
74 77
77 80
80 83
83 86
86 89
89 92
92 95
95 98
3 6
6 9
9 12
12 15
15 18
18 21
21 24
24 27
27 30
30 33
33 36
36 39
42 39
42 45
48 45
48 51
54 51
54 57
60 57
60 63
66 63
66 69
81 84
81 78
84 87
87 90
90 93
93 96
96 99