0 1 15 26 27 28 29 2 13 4 31 32 24 37 39 40 6 9 19 44 49 53 54 10 20 55 11 58 59 64 65 66 14 67 68 70 72 17 76 78 18 79 82 84 85 86 89 90 92 97 22 47 61 74 5 8 45 81 25 38 52 56 60 69 80 87 98 99
0 27
0 26
0 25
1 28
1 29
15 70
15 72
26 55
27 74
28 32
29 68
29 85
2 31
2 32
13 64
13 66
13 65
4 37
4 39
4 38
31 49
24 97
24 98
24 99
37 54
39 44
40 66
40 5
6 44
6 45
9 54
9 53
9 52
19 84
19 82
49 8
53 86
53 58
10 55
10 56
20 85
20 86
20 87
55 58
11 59
11 58
11 60
59 65
64 89
14 68
14 67
14 69
67 82
67 61
70 76
72 89
17 76
17 78
78 47
18 79
18 81
18 80
79 85
84 90
85 97
90 92
92 22