0 27 37 4 38 29 1 30 33 2 36 3 40 5 88 43 6 21 7 89 54 49 8 9 52 62 12 61 55 10 42 80 66 13 39 69 14 71 15 73 16 76 17 77 85 18 81 87 20 25 91 22 97 24 51 41 56 58 11 59 60 65 84 19 83 90 70 94 23 95 79 44 35 46 53 86 68 93 75 82 72
0 27
0 25
27 97
37 4
37 59
4 39
4 38
38 29
29 1
1 30
33 51
33 2
36 3
3 35
40 5
40 55
5 42
88 21
88 43
43 6
6 44
21 89
21 90
7 46
54 9
54 49
49 8
8 51
9 52
9 53
52 62
62 12
62 41
12 61
61 55
55 10
42 80
42 85
80 18
66 13
66 53
66 84
13 65
69 14
69 76
69 71
14 68
71 15
15 70
15 72
73 16
16 75
76 17
17 77
18 81
18 79
81 87
87 20
20 86
25 65
91 22
91 56
22 93
97 24
97 35
51 46
58 11
11 60
11 59
59 79
60 75
84 19
19 83
19 82
70 94
70 86
94 23
23 95
95 44
68 93