4 7 8 11 14 15 18 21 23 22 25 27 28 30 29 32 34 35 37 36 39 41 42 43 44 46 47 48 49 50 51 53 54 55 56 57 58 60 61 62 63 65 64 67 69 70 72 71 74 76 77 78 81 84 85 88 91 92 95 2 45 52 59 98
4 7
4 2
7 8
8 11
11 14
14 15
15 18
18 21
21 22
23 27
23 25
22 25
27 28
28 29
30 34
30 32
29 32
34 35
35 36
37 41
37 39
36 39
41 42
42 43
42 45
43 46
44 47
44 48
46 47
48 49
49 50
49 52
50 53
51 54
51 55
53 54
55 56
56 57
56 59
57 60
58 61
58 62
60 61
62 63
63 64
65 69
65 67
64 67
69 70
70 71
72 76
72 74
71 74
76 77
77 78
78 81
81 84
84 85
85 88
88 91
91 92
92 95
95 98