0 6 25 1 2 29 30 32 3 19 9 34 35 4 12 38 5 40 42 10 44 45 11 48 8 49 51 52 53 54 56 57 22 24 58 59 62 63 13 64 21 67 74 17 77 79 82 84 86 88 89 91 92 93 95 97 99 20 23 70 14 18 31 37 39 41 43 50 55 66 76 78 83 98
0 25
6 44
6 45
6 43
25 52
1 30
1 29
2 32
2 31
29 59
30 74
32 57
3 35
3 34
19 82
19 84
19 83
9 54
9 52
9 53
34 64
35 54
4 38
4 37
4 39
12 63
12 62
38 77
38 97
5 42
5 40
40 44
42 88
10 56
10 57
45 84
45 95
11 58
11 59
48 79
48 74
8 49
8 51
8 50
49 70
51 92
51 41
53 62
56 93
57 99
22 91
22 92
22 93
24 97
24 99
58 86
63 67
13 64
13 66
64 77
21 88
21 89
67 14
17 77
17 76
17 78
77 98
79 89
79 18
82 92
86 20
91 55
95 23