0 35 42 13 18 2 11 3 30 9 33 6 61 50 8 10 39 12 14 51 58 17 44 36 25 29 31 43 45 32 55 59 16 28 64 47 85 1 7 49 46 66 67 68 69 70 74 75 77 78 80 81 82 87 88 90 91 93 94 96 97 98 99 4 57 22 63 53 62
0 13
0 42
0 35
0 85
0 46
0 66
0 67
0 68
0 74
0 75
0 77
0 78
0 80
0 81
0 82
0 87
0 88
0 90
0 91
0 94
0 96
0 97
0 99
35 53
42 50
42 98
42 62
13 12
18 39
18 36
18 1
18 57
2 11
2 3
11 28
3 30
30 43
30 17
30 7
9 50
9 70
9 4
33 8
33 55
6 61
6 50
6 69
61 59
61 36
61 58
8 10
10 39
12 64
14 51
14 47
51 29
58 25
58 16
58 22
17 44
44 32
36 93
25 63
29 31
31 45
43 59
45 55
32 49