0 16 25 26 1 13 21 29 30 22 31 12 34 20 37 5 40 42 7 11 44 46 47 56 58 59 60 61 62 65 66 73 74 77 18 80 84 85 86 87 88 89 91 93 95 98 27 79 17 24 2 3 6 4 10 19 23 41 64 75 90
0 26
0 25
0 27
16 73
16 74
16 75
25 56
26 87
1 30
1 29
13 65
13 66
21 88
21 89
21 90
29 73
30 34
22 93
22 91
31 42
31 2
12 61
12 62
34 3
20 85
20 87
20 86
37 60
37 4
5 42
5 40
5 41
40 60
42 77
42 74
42 64
7 47
7 46
11 58
11 59
11 60
44 85
44 6
46 62
47 84
56 10
58 80
59 91
61 98
62 65
66 89
74 86
77 17
18 80
18 79
84 19
86 88
93 95
95 23
98 24