0 14 22 25 3 48 44 5 7 6 31 61 8 9 10 43 11 51 34 53 23 24 33 58 35 56 40 38 59 47 50 37 60 29 18 42 46 62 64 65 67 72 73 74 79 80 81 82 83 84 85 86 87 89 90 91 96 97 98 15 39 52 54
0 22
0 14
0 62
0 64
0 65
0 72
0 73
0 74
0 81
0 82
0 83
0 84
0 85
0 86
0 87
0 89
0 90
0 91
0 96
0 97
0 98
14 34
14 38
14 54
22 53
22 79
25 6
25 5
25 50
3 44
3 48
48 56
44 53
44 35
44 31
5 7
5 15
5 39
5 52
7 61
7 31
7 18
7 67
6 29
31 8
61 9
8 42
9 10
10 43
43 24
11 51
11 40
51 24
34 59
53 23
23 80
24 33
33 58
58 46
35 47
35 37
56 60