0 99 98 97 96 95 94 93 92 91 90 89 88 87 86 85 84 2 1 3 5 4 7 6 9 8 10 12 11 14 13 15 17 16 19 18 21 20 22 24 23 26 25 27 29 28 31 30 32 37 38 39 40 41 42 43 44 45 46 47 48 49 50 51 52 53 54 55 56 57 58 59 60 61 62 63 64 65 66 67 68 69 70 71 72 73 74 75 76 77 78 79 80 81 82 83 33 36
0 1
0 99
99 98
98 97
97 96
96 95
95 94
94 93
93 92
92 91
91 90
90 89
89 88
88 87
87 86
86 85
85 84
84 83
2 3
2 1
3 4
5 4
5 6
7 6
7 8
9 8
9 10
10 11
12 11
12 13
14 15
14 13
15 16
17 18
17 16
19 18
19 20
21 22
21 20
22 23
24 25
24 23
26 27
26 25
27 28
29 30
29 28
31 32
31 30
32 33
37 38
37 36
38 39
39 40
40 41
41 42
42 43
43 44
44 45
45 46
46 47
47 48
48 49
49 50
50 51
51 52
52 53
53 54
54 55
55 56
56 57
57 58
58 59
59 60
60 61
61 62
62 63
63 64
64 65
65 66
66 67
67 68
68 69
69 70
70 71
71 72
72 73
73 74
74 75
75 76
76 77
77 78
78 79
79 80
80 81
81 82
82 83