0 11 25 26 27 1 12 29 30 2 32 24 36 6 38 5 40 41 43 44 7 47 48 19 16 56 58 59 60 17 61 62 63 13 65 66 69 15 70 72 75 78 82 83 86 97 98 99 14 95 4 20 53 80 92 33 3 10 42 64 73 76 77 84
0 27
0 26
0 25
11 59
11 58
11 60
25 78
26 83
27 65
27 98
1 29
1 30
12 62
12 61
29 60
30 36
2 32
2 33
32 47
24 98
24 97
36 3
6 44
6 43
38 97
38 4
5 41
5 40
5 42
40 82
40 75
41 63
43 66
44 56
7 48
7 47
47 99
47 53
48 61
19 82
19 83
19 84
16 75
16 73
56 80
56 10
58 72
59 78
17 78
17 76
17 77
61 63
62 95
13 65
13 66
13 64
69 70
69 14
15 72
15 70
75 86
86 20
99 92