0 1 4 2 3 5 6 90 7 8 9 29 31 10 12 11 15 91 26 24 17 16 93 86 19 18 64 36 35 20 21 22 23 25 94 32 83 38 92 52 85 61 74 71 75 62 13 79 57 34 39 51 80 54 84 60 63 78 27 87 28 30 42 49 56 67 69 73 77 81 88
0 90
1 5
1 4
1 29
1 62
1 80
1 49
4 2
2 12
2 3
2 94
2 69
3 21
5 9
6 74
6 93
90 38
7 38
7 8
8 12
9 54
9 28
29 91
31 10
31 57
10 11
12 11
11 52
11 39
15 85
15 92
91 26
91 13
26 24
24 25
24 71
17 16
17 18
16 78
93 86
86 19
19 18
19 20
19 61
64 36
64 79
64 88
36 35
36 83
35 20
35 34
21 42
22 52
22 27
22 56
22 73
23 94
23 32
25 87
94 92
94 30
32 63
32 81
83 84
92 51
52 67
85 75
61 60
74 71
75 77