0 4 13 12 17 18 49 48 31 30 39 40 9 10 19 21 20 22 25 38 36 37 42 41 44 43 51 57 56 73 74 52 50 55 58 59 63 64 65 69 70 71 72 76 82 81 98 99 80 88 89 95 96 97 14 29 32 45 77 90 94 8 23 26 35 53 54 60 62 66 68 87
0 4
4 13
13 12
13 14
12 17
17 18
18 19
18 49
49 48
48 31
31 30
31 32
30 39
30 25
39 40
39 38
40 74
40 41
9 10
9 8
10 19
19 20
21 20
21 22
22 23
25 26
38 37
38 29
36 37
36 35
42 41
42 43
44 43
44 45
51 57
51 52
57 56
57 58
56 73
56 55
73 74
73 72
52 53
50 55
50 54
55 64
58 59
59 60
63 64
63 62
64 65
65 99
65 66
69 70
69 68
70 71
71 72
76 82
76 77
82 81
81 98
81 80
98 99
98 97
80 89
88 89
88 87
89 90
95 96
95 94
96 97