0 22 27 1 14 7 28 29 2 31 32 33 3 24 35 36 21 5 40 41 42 43 46 47 10 53 17 56 57 18 60 63 65 67 69 15 71 72 19 76 80 83 84 23 89 90 91 93 94 95 99 34 77 86 12 6 9 11 13 81 30 48 66 92 98
0 27
22 91
22 93
22 92
27 83
1 28
1 29
1 30
14 69
14 67
7 47
7 46
7 48
28 60
29 42
29 47
2 33
2 32
2 31
31 36
31 43
32 72
33 66
3 35
3 36
3 34
24 99
24 98
35 53
35 83
21 90
21 89
5 42
5 40
5 41
40 93
41 71
43 6
46 65
47 76
10 57
10 56
53 9
17 76
17 77
56 95
57 86
18 80
18 81
60 11
63 69
63 12
65 13
67 91
15 71
15 72
19 83
19 84
80 90
84 89
23 94
23 95
93 99
94 99