1 30 82 0 2 61 3 26 4 63 5 64 6 65 7 66 8 9 67 10 68 11 69 12 13 70 14 71 15 43 91 16 72 17 73 18 74 19 56 49 96 20 75 21 76 22 32 23 25 27 79 28 80 29 81 31 83 33 84 35 85 36 86 37 87 38 88 40 89 41 42 59 44 92 45 46 94 47 48 95 50 51 97 52 53 54 99 57 58 60 62 77 78 90 93 98
1 47
1 3
1 30
82 0
0 86
0 26
0 72
0 92
0 77
0 99
0 70
0 94
0 88
0 80
0 63
0 64
0 62
0 89
0 83
0 97
0 93
0 66
0 76
0 85
0 61
0 78
0 74
0 98
0 95
0 84
0 79
2 50
2 61
3 25
3 23
3 26
26 53
4 38
4 8
4 63
5 7
6 38
6 65
7 12
7 66
9 49
9 46
9 67
10 25
10 20
10 68
11 60
11 31
11 69
13 32
14 44
14 71
15 41
15 43
43 31
43 91
16 29
16 37
16 52
17 60
17 73
18 23
18 32
18 58
19 56
19 57
56 49
56 47
49 96
20 75
21 32
22 32
32 44
27 79
28 80
29 59
29 81
31 40
31 83
33 84
35 85
36 45
36 40
36 59
37 87
42 59
42 90
48 95
51 97
54 99