61 85 23 1 31 12 40 92 20 44 68 46 95 83 9 72 8 10 51 73 39 0 82 88 84 11 3 69 71 32 43 57 22 42 47 67 59 98 96 81 65 27 77 49 17 38 21 94 70 62 35 15 48 25 76 4 5 30 45 97 56 7 89 87 99 36
61 85
61 31
61 95
61 89
85 51
85 72
85 23
23 1
23 12
23 42
23 76
23 30
1 39
1 44
1 4
1 45
31 40
31 68
31 73
31 47
12 92
12 82
40 46
40 20
40 36
92 0
92 10
20 83
20 49
44 98
44 81
68 43
68 67
46 84
95 9
83 65
83 77
83 70
9 8
9 59
72 57
72 11
72 99
8 96
10 88
51 71
51 87
73 27
39 69
39 94
39 5
0 3
82 15
88 32
88 38
84 22
11 35
3 17
69 48
71 97
71 56
32 21
43 62
57 7
22 25