1 0 4 2 5 3 7 8 6 12 10 13 11 9 17 15 18 16 14 20 21 19 22 23 24 26 27 25 28 29 31 32 30 35 33 36 34 38 40 41 39 37 44 42 45 43 46 47 56 58 60 62 64 66 68 70 72 74 76 78 80 82 84 86 88 90 92 94 96 98 57 59 61 63 65 67 69 71 73 75 77 79 81 83 85 87 89 91 93 95 97 99 48 49 54 55
1 3
1 0
1 99
0 98
0 2
4 2
4 6
5 7
5 3
7 9
8 10
8 6
12 14
12 10
13 15
13 11
11 9
17 19
17 15
18 20
18 16
16 14
20 22
21 23
21 19
22 24
23 25
24 26
26 28
27 29
27 25
28 30
29 31
31 33
32 30
32 34
35 33
35 37
36 38
36 34
38 40
40 42
41 43
41 39
39 37
44 46
44 42
45 47
45 43
46 48
47 49
56 58
56 54
58 60
60 62
62 64
64 66
66 68
68 70
70 72
72 74
74 76
76 78
78 80
80 82
82 84
84 86
86 88
88 90
90 92
92 94
94 96
96 98
57 59
57 55
59 61
61 63
63 65
65 67
67 69
69 71
71 73
73 75
75 77
77 79
79 81
81 83
83 85
85 87
87 89
89 91
91 93
93 95
95 97
97 99