0 61 63 15 3 36 4 33 14 20 54 7 56 53 9 21 10 17 64 16 23 38 18 49 19 44 25 30 59 26 45 43 48 2 5 24 50 6 37 42 58 65 66 67 71 72 74 75 76 77 81 82 84 85 88 91 92 95 96 97 99 32 29 55
0 61
0 63
0 65
0 66
0 67
0 71
0 74
0 75
0 76
0 77
0 81
0 84
0 85
0 88
0 91
0 92
0 95
0 96
0 97
61 3
61 26
63 10
63 25
15 64
15 2
3 36
36 18
4 14
4 33
33 25
33 19
14 17
20 44
20 25
20 5
20 82
20 32
54 59
54 6
7 53
7 56
56 50
53 9
9 21
21 30
10 72
17 23
64 38
16 23
16 38
23 42
18 49
49 24
19 37
44 99
25 59
30 59
59 29
59 55
26 45
45 48
43 48
43 58