0 1 2 4 6 7 8 10 12 14 17 19 21 23 24 25 27 28 29 30 41 43 45 47 66 68 69 71 79 84 89 90 91 94 96 50 62 5 13 18 75 77 16 26 31 32 35 36 37 38 53 54 76 20 46 48 49 61 80 82 92
0 30
0 8
0 12
1 25
1 35
1 36
2 17
2 37
2 38
4 30
4 41
6 45
6 25
6 46
7 21
7 47
7 48
8 21
8 50
8 49
10 17
10 53
10 54
12 19
14 28
14 62
14 61
17 68
17 29
17 24
17 27
17 13
19 71
21 75
21 76
23 25
23 79
23 28
23 80
24 32
25 84
27 26
28 90
28 89
28 20
29 91
30 94
41 43
43 5
45 47
66 68
66 16
69 71
69 18
79 77
84 82
89 91
90 92
94 96
96 31