4 8 12 13 14 17 25 27 28 35 42 45 51 54 56 63 64 65 66 67 68 69 70 71 73 75 76 78 79 80 81 82 83 84 85 86 87 88 89 90 91 92 93 0 24 29 74 21 31 39 2 6 22 32 36 40 47 60 33 34 37 38 41 43 44 46 50
4 8
4 2
8 17
12 25
12 24
13 27
13 6
14 28
14 29
17 35
25 51
27 54
28 56
35 65
42 69
42 21
45 70
45 22
51 73
54 75
56 76
63 79
63 31
64 80
64 32
64 33
65 80
65 34
66 81
66 36
66 37
67 81
67 39
67 38
68 82
68 40
68 41
69 82
69 43
70 83
70 44
71 83
71 47
71 46
73 84
73 50
75 85
76 86
78 87
78 60
79 87
80 88
81 88
82 89
83 89
84 90
85 90
85 74
86 91
87 91
88 92
89 92
90 93
91 93
92 0
93 0