0 2 3 5 6 8 9 11 12 14 15 17 18 20 21 23 24 26 27 29 30 32 33 35 36 38 39 41 42 44 45 47 48 50 51 53 56 54 59 57 60 62 63 65 68 66 71 69 72 75 74 78 77 80 81 84 83 86 89 87 90 92 95 93 96 25 37 64 73 98
0 2
2 3
3 5
5 6
6 8
8 9
9 11
11 12
12 14
14 15
15 17
17 18
18 20
20 21
21 23
23 24
24 26
26 27
26 25
27 29
29 30
30 32
32 33
33 35
35 36
36 38
38 39
38 37
39 41
41 42
42 44
44 45
45 47
47 48
48 50
50 51
51 53
53 54
56 57
56 54
59 60
59 57
60 62
62 63
63 65
63 64
65 66
68 66
68 69
71 72
71 69
72 74
72 73
75 74
75 77
78 80
78 77
80 81
81 83
84 86
84 83
86 87
89 90
89 87
90 92
92 93
95 96
95 93
96 98