0 1 10 11 2 22 12 21 3 33 32 31 4 42 50 94 95 49 5 52 25 9 8 7 6 19 29 39 18 15 48 98 88 97 77 78 66 96 90 91 92 80 70 93 84 60 51 61 81 74 20 13 43 47 27 35 68 65 23 34 41 40 71 53 62
0 1
0 10
1 11
1 2
10 20
11 22
2 12
2 3
22 21
22 33
22 32
22 23
12 13
21 31
3 4
33 43
33 34
32 42
31 41
4 5
42 52
50 60
50 51
50 40
94 95
94 93
94 84
95 96
49 39
49 48
5 6
5 15
52 51
52 53
52 62
25 15
25 35
9 8
9 19
8 7
8 18
7 6
19 29
29 39
18 27
48 47
98 88
98 97
88 77
97 96
77 78
77 66
78 68
66 65
90 91
90 80
91 92
91 81
92 93
80 70
70 60
84 74
60 61
61 71