0 57 55 76 98 1 39 45 7 47 46 28 68 9 25 67 21 13 53 41 14 56 19 27 69 65 38 63 62 8 11 44 26 64 32 3 5 6 31 51 60 61 70 74 77 78 79 83 87 88 89 91 92 93 94 97 99 2 4 12 40 24 42 52
0 57
0 55
0 76
0 98
0 61
0 70
0 74
0 77
0 78
0 79
0 83
0 87
0 88
0 89
0 91
0 92
0 93
0 94
0 97
0 99
57 21
55 8
55 42
76 9
98 38
1 39
1 45
39 32
45 68
45 46
45 24
7 46
7 31
7 2
47 63
47 64
47 3
46 19
46 25
46 4
46 52
28 41
28 19
28 5
68 6
9 25
67 38
67 11
21 14
21 12
13 53
13 41
53 63
14 56
56 62
19 27
19 69
19 40
27 44
69 51
65 62
65 26
65 60