0 26 30 6 31 3 22 23 11 36 5 19 40 42 16 44 45 8 18 49 51 9 12 52 54 58 59 61 62 13 66 70 73 75 77 80 81 82 83 88 92 93 94 95 96 97 25 2 47 21 68 24 17 34 35 53 60 64 65 79 84
0 26
0 25
26 45
26 62
30 51
30 88
30 70
6 45
6 44
31 40
31 49
31 2
3 36
3 34
3 35
22 92
22 93
23 95
23 96
23 94
11 58
11 59
11 60
36 81
5 42
5 40
19 82
19 83
19 84
42 73
16 73
16 75
44 47
8 51
8 49
18 81
18 80
18 79
9 52
9 54
9 53
12 61
12 62
52 96
54 92
58 97
59 82
59 66
59 75
61 93
13 66
13 64
13 65
70 68
77 94
77 17
80 95
81 83
88 21
97 24