0 1 2 3 4 5 6 7 8 9 10 11 12 13 14 15 18 17 16 19 21 20 22 24 23 27 26 25 32 33 34 35 36 37 38 39 40 41 42 43 44 45 50 53 52 51 54 56 55 58 57 60 59 63 62 61 64 69 28 65 31 47 68
0 1
0 69
1 2
2 3
3 4
4 5
5 6
6 7
7 8
8 9
9 10
10 11
11 12
12 13
13 14
14 15
15 45
15 50
15 16
15 47
18 19
18 17
17 16
19 20
21 22
21 20
22 23
24 23
24 25
27 26
27 28
26 25
32 33
32 31
33 34
34 35
35 36
36 37
37 38
38 39
39 40
40 41
41 42
42 43
43 44
44 45
50 51
53 54
53 52
52 51
54 55
56 55
56 57
58 57
58 59
60 59
60 61
63 64
63 62
62 61
64 65
69 68