0 14 68 47 33 2 69 36 3 4 25 45 7 88 21 9 17 11 63 12 16 19 24 86 23 73 32 74 34 35 38 39 40 48 51 53 59 62 96 76 78 82 83 90 94 97 99 54 61 64 70 5 6 20 8 37 58 60 98 67 84
0 25
14 68
14 69
14 67
68 63
47 7
47 39
47 33
33 2
2 32
69 36
36 3
36 38
3 34
3 35
4 39
4 38
4 37
25 76
25 45
45 6
7 48
88 21
88 97
21 90
9 53
9 54
17 76
17 78
11 59
11 58
11 60
63 12
12 62
12 61
16 74
16 73
19 82
19 83
19 84
24 97
24 99
24 98
86 90
86 20
23 94
23 96
73 94
32 64
74 62
34 59
35 82
40 97
40 5
48 53
51 90
51 8
96 70
78 83
83 99