0 3 1 4 2 6 7 11 10 13 17 18 20 29 30 31 32 33 34 35 36 37 38 39 53 55 50 56 58 61 63 76 78 69 74 79 85 92 83 99 86 98 89 80 14 40 96 88 19 5 8 12 15 16 51 52 54 57 59 60 62 64 65 66 67 68 70 71 72 73 75 77
0 3
3 11
3 20
3 14
1 2
1 8
1 16
4 6
4 13
4 2
4 19
2 18
2 15
6 7
7 5
11 10
10 18
13 17
13 12
17 76
17 53
20 29
29 30
30 31
31 32
32 33
33 34
34 35
35 36
36 37
37 38
38 39
39 40
53 55
53 58
55 61
50 58
50 56
50 60
56 54
56 57
56 59
58 52
58 64
61 63
61 51
63 62
76 78
78 74
78 65
78 66
78 70
78 72
78 73
69 79
69 85
74 79
79 67
79 68
79 71
79 75
79 77
85 99
85 96
92 89
92 83
83 88
99 86
86 98
98 80
89 80