0 68 35 75 90 15 70 3 8 4 46 43 6 17 67 59 7 18 29 19 13 58 63 47 66 38 28 56 30 36 42 11 23 20 31 61 2 34 72 39 16 54 41 37 65 73 74 77 78 79 80 82 83 85 86 89 91 92 93 94 96 97 98 45 40
0 68
0 35
0 90
0 75
0 73
0 74
0 77
0 78
0 79
0 80
0 82
0 83
0 85
0 86
0 89
0 91
0 92
0 93
0 94
0 96
0 97
0 98
68 13
68 42
68 63
68 61
35 54
75 6
90 28
15 63
15 16
70 30
70 18
70 2
3 8
3 11
8 67
8 23
4 46
4 34
46 30
43 36
43 28
6 67
6 17
6 59
17 47
59 29
59 58
7 18
7 29
19 66
19 39
13 45
58 72
47 20
47 65
66 56
38 36
38 31
38 37
28 56
36 41
42 40