0 1 2 13 14 15 16 17 18 19 20 21 25 32 33 38 39 40 46 52 56 57 63 66 67 68 69 70 75 76 77 79 80 84 85 93 94 95 96 97 65 22 28 31 49 55 58 73 92 4 37 43 62 83 7 35 41 53 64 74 98
0 1
1 2
1 25
2 19
13 63
13 14
14 15
15 16
16 68
16 57
16 17
17 18
18 19
20 70
20 21
21 22
25 33
32 33
32 31
38 39
38 79
38 37
38 98
39 70
39 40
40 41
46 94
46 64
52 77
52 28
56 57
56 55
57 79
63 62
66 67
66 65
67 68
67 58
67 53
68 4
69 96
69 73
75 76
75 80
75 74
76 77
79 80
79 7
80 93
84 85
84 49
84 43
84 83
85 97
93 94
93 92
93 35
94 95
95 96
96 97