0 1 2 3 5 7 9 10 12 13 14 15 16 17 18 20 21 23 24 28 29 30 31 32 33 35 37 38 39 42 44 70 72 76 94 96 4 22 26 27 48 52 54 58 75 11 19 47 51 57 64 82 40 53 63 65 74 81 97 98
0 33
0 28
1 35
1 32
1 15
2 38
2 37
2 18
2 13
2 27
3 39
3 20
5 44
5 16
5 13
7 10
7 48
7 47
9 14
9 52
9 51
10 16
10 54
10 53
12 16
12 17
12 58
12 57
14 17
15 64
15 63
16 32
16 65
18 70
20 23
21 32
21 76
21 75
21 11
23 26
24 32
24 82
24 81
28 29
29 31
30 94
30 22
31 96
32 97
32 98
33 35
37 39
38 40
42 44
42 4
70 72
72 19
76 74
94 96