0 27 73 29 1 30 47 7 46 78 31 2 3 48 51 8 50 52 38 4 5 9 54 44 6 59 57 10 12 43 65 67 14 13 66 71 15 74 16 79 18 37 83 19 64 85 20 86 68 69 90 21 88 91 22 92 56 58 95 23 94 98 24 99 26 25 35 40 53 11 60 36 34 61 84 76 17 77 89 33 63 39 41 70 45 81
0 25
0 27
73 29
29 1
1 30
30 47
47 7
47 57
47 40
7 48
7 46
46 78
78 17
78 31
31 2
31 50
2 33
3 34
3 35
3 36
51 8
8 50
52 38
52 9
52 79
38 4
38 98
4 39
4 37
5 41
5 40
9 54
9 53
54 74
44 6
44 59
6 45
6 43
59 11
57 10
12 61
12 63
43 65
65 13
65 67
65 83
67 14
14 69
14 68
13 64
13 66
71 15
15 70
74 16
79 18
18 81
37 83
83 19
64 85
85 20
20 86
69 33
90 21
21 88
21 89
88 77
88 91
91 22
22 92
56 58
58 11
58 95
95 23
95 36
23 94
98 24
24 99
99 26
25 35
11 60
34 61
84 76
76 17
17 77
77 70