0 1 4 5 7 9 10 11 14 15 19 20 22 23 24 25 26 27 28 29 31 32 34 36 43 49 51 54 56 70 72 77 86 88 92 8 13 17 18 21 48 89 2 3 12 16 47 61 82 85 95 96 41 44 62 64 73 78 79 80 81 83 90 97 98
0 34
0 23
1 36
1 12
4 31
4 5
4 21
5 43
5 29
5 44
7 27
7 48
7 47
9 51
9 31
9 3
10 54
10 28
11 56
11 19
14 32
14 2
14 61
14 62
15 25
15 64
19 72
20 25
20 17
20 73
22 32
22 25
22 77
22 78
23 32
23 80
24 25
24 82
24 81
25 29
25 83
26 86
26 32
26 85
27 88
27 13
28 29
28 89
29 92
31 16
31 95
31 96
32 97
32 98
34 36
43 41
49 51
49 8
54 56
70 72
70 18
77 79
86 88
92 90