0 89 90 91 92 93 60 20 19 18 61 4 5 38 37 59 75 62 96 95 94 57 58 17 52 25 74 31 32 30 36 39 63 33 67 70 69 64 83 21 6 76 15 53 51 40 44 48 66 65 3 13 26 55 68 71 82 86 88
0 89
89 90
89 88
90 91
91 92
92 32
92 93
93 94
93 60
60 59
60 61
20 19
20 21
19 83
19 18
18 61
18 17
61 62
4 5
4 3
5 38
5 6
38 37
38 39
37 59
37 36
59 58
75 74
75 62
75 76
62 63
96 95
96 13
95 94
94 52
57 58
57 15
58 67
17 44
52 53
52 51
25 74
25 26
31 32
31 30
32 33
30 86
36 69
39 40
63 64
63 48
33 55
67 66
67 68
70 69
70 71
64 65
83 82