0 25 45 81 29 1 30 74 16 75 31 2 98 37 4 68 14 69 40 5 47 7 46 66 49 8 13 10 64 58 11 63 12 67 80 72 15 83 32 17 18 19 79 87 20 21 85 92 22 23 28 88 90 34 3 35 36 97 62 61 39 6 43 44 65 51 53 9 52 54 86 24 99 57 41 56 59 42 77 94 82 76 55 48 78
0 25
25 45
45 6
45 94
81 61
81 18
29 1
1 28
1 30
30 74
74 16
16 75
75 31
75 92
31 2
31 98
31 64
2 32
98 24
98 58
37 4
4 39
68 14
14 69
14 67
69 40
69 65
40 5
5 41
5 42
47 7
7 46
46 86
66 13
66 49
49 8
8 51
13 64
13 65
10 56
58 11
11 59
63 12
12 61
12 62
80 18
80 72
72 15
83 32
83 19
83 53
17 77
17 78
17 76
18 79
19 82
79 87
87 20
20 86
20 85
21 90
21 88
92 22
23 94
90 34
34 3
3 36
3 35
35 44
35 99
97 24
97 56
97 62
39 48
6 44
6 43
43 55
53 9
53 57
9 54
9 52
24 99
77 94
55 48