0 6 7 2 8 4 10 11 12 9 14 20 13 15 21 22 17 24 26 29 31 34 35 33 32 30 36 37 44 39 38 41 46 47 95 51 50 54 56 58 63 60 61 62 64 98 76 77 81 82 86 90 93 94 87 91 92 96 80 83 84 68 73 67 1 3 5 18 19 23 16 25 28 27 42 43 40 48 45 52 49 53 57 55 75 97 79 88
0 6
0 7
0 1
6 12
7 2
2 8
8 9
4 9
4 11
4 3
10 11
10 5
12 13
12 18
12 19
9 14
14 20
20 15
13 26
15 21
21 22
22 17
22 29
22 23
17 16
24 31
24 30
24 25
26 33
26 32
26 31
29 34
29 35
29 50
29 51
34 41
35 28
33 27
32 38
30 36
36 37
36 42
36 43
37 44
44 95
39 46
39 38
41 40
41 52
46 47
46 45
47 48
95 96
51 54
50 56
54 58
54 49
56 63
56 53
58 57
58 75
63 60
60 61
61 62
61 64
62 98
64 68
64 67
98 94
76 77
76 73
77 81
81 82
82 86
86 90
90 93
93 94
87 91
87 84
87 55
91 92
91 96
92 97
80 83
80 79
80 88
83 84