0 2 3 4 10 6 12 13 15 18 19 22 25 33 34 35 39 41 44 45 46 51 49 50 52 55 59 58 61 63 62 64 65 67 70 73 76 77 79 88 86 89 91 99 97 24 71 81 82 90 7 27 32 38 36 47 48 53 56 57 20 40 96
0 2
2 3
3 4
4 12
4 13
10 6
10 13
6 7
12 18
15 25
15 27
18 19
18 32
19 33
19 22
19 20
22 24
25 24
33 35
33 34
34 39
34 36
35 41
39 38
41 44
41 40
44 45
45 46
45 51
46 47
46 48
51 49
49 50
50 52
52 55
52 61
52 53
55 59
55 56
59 58
58 57
61 63
63 62
62 64
64 65
65 67
67 73
70 76
70 71
73 77
76 81
77 71
77 88
77 79
79 82
88 89
86 89
86 91
89 99
91 90
99 97
97 96