0 1 53 36 2 72 63 83 49 9 85 82 11 12 64 70 92 14 21 59 38 46 48 22 75 24 91 73 76 27 54 34 55 90 93 71 47 66 99 97 80 81 84 35 5 13 67 79 15 18 37 28 44 52 96 43 8 25 39 26 89 98
0 1
1 2
1 72
53 54
53 52
36 34
36 55
36 35
36 37
2 63
72 71
72 44
72 8
63 64
83 9
83 84
83 5
49 76
49 90
9 82
85 27
85 84
82 81
11 12
11 26
12 92
64 97
70 92
70 34
70 71
92 91
92 80
92 93
14 59
14 13
14 15
21 22
21 75
59 99
38 73
38 39
46 47
46 18
48 47
48 66
22 67
75 76
24 73
24 25
91 90
73 71
73 89
27 28
54 55
93 43
71 66
66 99
99 98
97 96
80 81
80 79