0 1 2 3 4 5 6 7 8 9 10 11 12 13 14 15 16 17 18 19 20 21 22 24 26 27 28 29 30 31 32 33 36 38 39 43 44 48 50 54 55 58 59 62 63 66 70 73 76 23 79 80 25 83 84 85 86 89 92 94 95
0 26
0 13
0 33
0 5
1 36
1 25
1 6
2 38
2 5
2 29
2 31
3 39
3 13
3 12
3 30
3 15
4 28
4 12
4 17
5 44
5 43
6 13
6 21
6 27
7 48
7 30
8 50
8 24
9 14
10 54
10 28
11 55
11 17
11 14
11 16
12 58
12 20
12 23
13 32
13 59
14 62
15 63
16 66
18 70
18 23
19 20
20 73
21 76
22 24
24 26
26 85
26 86
28 89
29 92
30 94
31 95
23 80
23 79
25 83
25 84