0 10 25 27 1 28 30 2 31 33 16 20 13 5 24 40 42 7 48 52 21 55 56 57 19 58 62 65 66 23 73 74 77 80 82 84 86 87 89 90 94 95 96 97 98 99 41 12 83 85 50 68 11 17 9 18 46 64 75
0 25
0 27
10 55
10 56
10 57
25 73
27 97
1 30
1 28
28 56
30 58
2 31
2 33
31 89
31 77
33 65
16 73
16 74
20 87
20 86
20 85
13 65
13 66
13 64
5 40
5 42
5 41
24 97
24 99
40 50
42 99
7 48
7 46
48 57
52 90
52 9
21 89
21 90
55 94
57 65
19 84
19 82
19 83
58 11
62 96
62 12
66 74
23 94
23 95
23 96
77 17
80 98
80 18
82 68
84 96
86 96
87 98
95 75