0 13 26 27 1 19 28 29 33 4 21 37 38 39 16 8 50 17 56 12 61 62 63 18 65 66 14 15 67 68 70 71 74 76 78 80 81 82 84 22 88 90 92 93 24 97 98 40 34 49 10 2 25 30 64 69 72 75 77 79
0 27
0 26
0 25
13 66
13 65
13 64
26 28
27 70
1 28
1 29
1 30
19 84
19 82
29 80
33 97
33 2
4 38
4 37
4 39
21 88
21 90
37 98
38 88
39 82
16 74
16 75
8 50
8 49
50 61
17 76
17 78
17 77
56 92
56 10
12 61
12 63
12 62
62 34
63 93
18 80
18 81
18 79
65 81
66 90
14 68
14 67
14 69
15 70
15 71
15 72
67 71
68 74
71 78
76 93
84 40
22 93
22 92
24 97
24 98