4 30 64 27 53 16 42 5 76 33 39 65 91 54 17 43 77 34 20 63 26 69 35 11 45 2 36 37 3 40 83 57 23 60 1 44 72 46 66 32 6 49 75 41 15 58 84 50 68 25 51 86 52 59 96 92 55 22 56 31 48 14 38 61 24 47 73 98
4 30
30 64
64 27
64 98
64 38
27 53
53 96
53 16
16 42
42 5
5 48
5 31
76 33
76 39
39 65
65 31
65 91
65 22
91 54
54 17
54 20
54 11
17 43
43 77
43 86
43 6
77 34
34 68
20 63
63 26
26 69
69 35
35 72
35 1
11 45
45 2
2 36
36 73
37 3
3 40
40 83
83 57
83 46
57 23
23 60
1 44
72 46
66 32
32 75
32 6
6 49
75 41
41 15
15 58
58 84
84 47
84 50
50 24
68 25
25 51
86 52
59 96
92 55
55 98
22 56
48 14
61 24