1 31 32 33 72 66 60 61 64 63 62 8 0 10 9 15 16 17 18 19 20 26 71 27 34 36 35 37 41 82 83 84 42 44 43 45 50 51 55 56 57 58 59 69 70 73 75 74 76 81 85 87 86 93 94 95 96 97 98 99 67 25 88 11 28 46 49 54 6 14 21 38 68 77 80 92
1 0
1 31
31 32
32 33
32 84
33 34
33 72
72 61
72 73
72 71
72 99
66 60
66 67
60 61
60 20
60 59
61 62
64 63
64 6
63 62
8 9
8 0
10 9
10 11
15 16
15 14
16 17
17 18
18 19
19 20
20 21
26 27
26 71
26 25
71 70
27 28
34 35
36 35
36 37
37 38
41 82
41 42
82 83
82 81
83 84
84 85
42 51
42 43
44 45
44 43
45 46
50 51
50 49
55 56
55 54
56 57
57 58
58 59
69 70
69 68
73 74
75 74
75 76
76 77
81 80
85 86
87 86
87 88
93 94
93 92
94 95
95 96
96 97
97 98
98 99