0 52 78 96 75 10 90 17 80 23 64 55 24 27 31 74 61 87 44 4 54 85 59 86 65 14 68 69 79 97 82 43 29 48 3 13 36 42 38 83 84 2 11 26 60 28 41 35 37 39 40 46 50 58 66 81 76 93 49
0 74
0 44
0 78
52 90
52 55
78 64
96 27
96 17
96 60
75 59
75 68
75 3
75 37
10 14
10 26
90 27
90 54
90 14
90 11
90 35
90 40
17 80
17 83
80 13
23 69
23 42
23 76
64 54
55 24
55 36
24 31
27 41
31 85
74 61
74 86
61 65
61 87
87 39
44 43
44 79
44 4
4 46
54 69
54 50
85 58
85 66
59 29
86 38
65 82
65 2
65 93
68 82
69 97
69 49
79 84
97 81
43 48
29 28