0 4 1 2 3 5 6 9 10 17 18 20 7 24 23 28 32 29 30 33 34 36 39 47 41 44 22 16 67 57 58 98 60 63 72 74 88 89 92 70 93 12 71 61 84 13 49 27 54 86 8 53 38 65 75 69 52 15 96 79 81 83 85 90 97 73 82 64 68 51
0 9
4 1
4 2
1 16
1 7
1 39
1 5
2 3
2 13
3 20
3 22
5 12
5 73
6 18
6 67
9 12
10 32
10 92
17 67
17 44
18 16
20 82
7 32
7 96
24 23
24 86
23 30
23 89
23 90
23 51
28 74
28 49
32 29
32 52
29 30
33 72
33 8
34 92
34 27
34 68
36 74
36 72
39 63
39 38
39 15
47 41
47 81
41 84
44 61
22 79
16 53
67 57
57 58
58 83
98 60
98 97
60 61
63 84
63 54
63 65
72 71
74 75
88 89
88 85
92 71
92 70
92 64
70 93
93 69