0 1 2 3 4 5 6 7 8 9 10 11 12 13 14 15 16 17 18 19 20 21 22 23 24 25 26 27 28 29 30 31 32 35 37 39 41 43 45 47 49 51 53 55 57 59 61 63 65 67 69 71 73 75 77 79 81 83 85 87 89 91 93 95 97 54 56 58 60 62 64 66 68 70 72 74 76 78 80 82 99
0 35
1 35
1 37
2 37
2 39
3 39
3 41
4 41
4 43
5 43
5 45
6 45
6 47
7 47
7 49
8 49
8 51
9 51
9 53
10 53
10 55
10 54
11 55
11 57
11 56
12 57
12 59
12 58
13 59
13 61
13 60
14 61
14 63
14 62
15 63
15 65
15 64
16 65
16 67
16 66
17 67
17 69
17 68
18 69
18 71
18 70
19 71
19 73
19 72
20 73
20 75
20 74
21 75
21 77
21 76
22 77
22 79
22 78
23 79
23 81
23 80
24 81
24 83
24 82
25 83
25 85
26 85
26 87
27 87
27 89
28 89
28 91
29 91
29 93
30 93
30 95
31 95
31 97
32 97
32 99