0 69 2 54 4 44 19 7 73 74 8 76 10 77 11 78 13 16 57 66 21 83 22 96 41 63 24 34 25 85 26 86 27 87 28 89 31 84 23 32 91 33 52 37 35 64 38 94 39 98 47 49 97 42 46 99 48 67 50 68 70 72 75 79 80 81 82 88 92 95 29 51 93
0 16
0 91
0 98
0 84
0 89
0 72
0 81
0 74
0 78
0 83
0 88
0 75
0 97
0 73
0 80
0 85
0 82
0 79
0 92
0 95
0 94
0 68
0 99
0 70
0 86
69 2
2 54
54 32
54 4
44 19
44 49
19 11
19 7
7 28
7 57
8 52
8 25
8 34
76 10
10 29
77 11
13 51
16 35
57 66
66 21
22 37
22 23
96 41
41 63
41 34
63 24
85 26
26 64
86 27
87 28
28 67
28 29
89 31
23 32
32 51
91 33
52 37
52 35
37 93
37 42
64 38
94 39
98 47
47 49
42 46
99 48
67 50