0 7 8 16 43 30 58 9 17 20 27 61 60 59 10 15 21 28 57 23 63 65 67 71 74 38 40 42 44 80 47 48 56 64 69 81 82 76 72 77 78 90 2 5 12 13 54 36 49 84 87 88 24 29 35 37 46 53 66 68 79 93 97
0 7
7 8
8 16
16 43
16 37
43 17
43 30
43 38
30 58
30 80
30 44
58 59
58 57
58 74
9 17
9 2
20 23
20 27
20 5
27 61
61 60
60 59
60 72
60 69
60 64
10 15
10 13
15 21
15 12
21 28
21 29
28 57
57 56
23 24
63 65
63 54
65 67
67 71
71 74
74 79
38 48
38 35
40 42
40 36
42 44
42 46
80 78
47 48
47 82
48 49
56 53
64 88
64 66
69 90
69 68
81 82
81 84
76 77
76 72
77 93
78 87
90 97