0 55 40 89 13 17 4 6 69 80 39 8 22 10 38 14 24 12 66 18 43 98 42 62 31 32 58 63 52 57 65 64 77 78 85 95 96 99 45 47 23 21 33 1 46 27 48 71 3 88 37 19 51 25 29 30 87 36 50 72 73 75 76 82 83 97
0 6
0 69
55 57
55 30
55 82
40 58
40 18
89 13
89 57
89 31
13 12
13 3
13 83
17 77
17 4
4 57
6 38
69 80
69 88
80 39
80 10
39 23
8 42
8 1
22 63
22 46
22 37
10 85
10 95
38 27
14 24
14 66
14 52
14 63
24 12
24 21
24 75
66 85
66 96
66 78
18 62
18 85
18 25
43 52
43 48
98 95
98 45
98 51
42 99
62 29
31 32
31 36
32 99
32 33
58 87
58 72
52 71
57 76
57 97
65 64
65 47
64 77
78 19
95 73
96 50