0 49 1 18 19 65 2 47 66 27 7 41 79 8 30 11 48 31 60 12 44 70 14 90 94 15 32 39 28 71 34 46 21 86 72 84 82 54 38 99 97 83 73 91 64 61 67 68 24 93 6 20 52 23 29 85 62 16 55 37 35 76 96
0 49
49 91
1 65
1 18
18 34
18 19
18 8
19 52
65 23
2 47
2 66
47 73
66 20
27 21
27 6
7 41
7 79
41 82
79 93
8 30
30 24
11 60
11 48
11 31
48 12
31 55
60 84
12 44
12 70
44 82
44 29
70 91
70 96
14 94
14 90
90 39
90 85
94 46
15 32
15 39
32 84
39 37
28 82
28 54
28 16
71 21
71 68
34 99
34 38
46 83
21 86
86 64
72 64
72 97
82 38
54 73
54 35
99 61
97 83
73 62
64 67
61 76