15 74 54 18 6 71 41 95 25 22 87 31 26 76 58 50 23 5 9 53 12 36 63 57 38 89 82 56 67 86 55 27 10 42 30 33 0 75 28 20 45 40 14 61 93 66 11 85 46 48 39 24 35 2 62 34 1 59 79 16 44 13 3 29 17 77 94 84 65 88 51 83 19 98 80 7 68 8 32 92 52 60 69 90 49 91 97 70 43 99 37 96 21 81 73 64 4 78
15 74
15 78
74 54
54 18
18 6
6 71
71 41
41 95
95 25
25 22
22 87
87 31
31 26
26 76
76 58
58 50
50 23
23 5
5 9
9 53
53 12
12 36
36 63
63 57
57 38
38 89
89 82
82 56
56 67
67 86
86 55
55 27
27 10
10 42
42 30
30 33
33 0
0 75
75 28
28 20
20 45
45 40
40 14
14 61
61 93
93 66
66 11
11 85
85 46
46 48
48 39
39 24
24 35
35 2
2 62
62 34
34 1
1 59
59 79
79 16
16 44
44 13
13 3
3 29
29 17
17 77
77 94
94 84
84 65
65 88
88 51
51 83
83 19
19 98
98 80
80 7
7 68
68 8
8 32
32 92
92 52
52 60
60 69
69 90
90 49
49 91
91 97
97 70
70 43
43 99
99 37
37 96
96 21
21 81
81 73
73 64
64 4