0 2 1 4 5 9 10 12 11 19 20 22 21 26 32 34 31 33 35 37 42 43 44 40 41 45 49 47 48 56 59 55 58 57 62 63 64 66 70 74 77 75 81 83 84 80 82 87 88 85 89 86 91 90 98 23 69 99 8 18 39 94 14 29 53 79 24 46
0 1
2 1
2 4
4 48
5 55
5 9
5 8
9 89
10 12
10 14
12 11
11 63
11 53
19 48
19 18
20 87
20 22
20 23
22 21
21 82
21 24
26 75
26 29
32 34
32 33
34 31
31 98
33 49
33 81
35 37
35 39
37 43
42 75
42 62
43 44
44 40
40 41
41 84
45 49
45 48
45 46
47 48
47 70
56 59
56 57
56 90
59 58
55 58
57 64
62 74
63 64
66 91
66 69
70 74
77 86
77 79
81 80
83 80
83 82
83 84
87 88
88 85
85 86
85 89
91 90
91 94
98 99