0 2 13 14 8 28 30 35 50 3 4 5 6 11 1 15 46 42 20 22 23 31 39 47 49 52 51 57 60 56 69 70 71 72 73 76 74 81 82 75 89 88 87 43 12 24 37 61 54 77 7 9 10 16 18 21 29 34 38 41 48 58 66 80 85
0 2
0 1
2 13
13 14
14 8
8 6
8 15
8 28
8 7
8 9
28 30
30 35
30 31
30 29
35 50
35 34
50 49
50 42
50 39
50 72
3 11
3 4
4 5
5 6
5 10
11 20
11 18
11 21
1 12
15 16
46 47
46 42
46 43
42 41
20 22
22 23
23 24
31 37
39 38
47 51
49 57
49 48
52 51
52 54
57 56
57 58
60 56
60 61
69 70
69 66
70 71
70 73
71 72
72 74
73 77
76 87
76 75
76 74
81 82
81 80
82 75
89 88
89 85
88 87