0 2 1 4 21 88 3 76 7 9 10 11 6 8 49 12 20 51 13 17 19 22 15 18 28 26 27 45 55 53 35 33 64 36 54 52 59 60 61 62 72 66 98 84 70 87 41 80 56 47 5 48 14 50 96 43 31 30 37 67 78 75 93 46 34 63 83 99
0 2
2 76
1 4
1 88
4 11
4 48
21 20
21 43
88 55
3 9
3 76
3 7
3 10
7 49
9 20
10 51
10 14
11 51
6 8
6 5
8 49
8 12
12 50
13 19
13 75
17 18
17 28
19 55
19 15
22 45
22 55
22 53
15 96
18 45
18 26
18 27
18 93
28 30
26 31
27 80
55 60
55 46
55 63
53 33
35 54
35 36
33 64
64 84
64 34
36 52
36 59
54 37
54 67
52 72
52 41
59 78
60 61
61 62
61 47
62 98
72 84
66 70
66 56
98 87
70 87
70 83
87 99