0 3 7 11 12 16 17 20 21 22 23 24 26 27 25 29 30 28 31 34 35 33 39 36 40 41 42 45 46 47 48 50 53 54 57 61 62 60 66 69 73 75 76 78 79 82 86 87 91 92 74 63 88 97 4 15 13 85 94 32 38 37 43 44 49 51 52 56 55 58 59 65 70
0 3
3 7
7 12
7 4
11 16
11 15
12 17
12 13
16 20
17 21
20 23
21 22
22 24
23 26
24 27
26 25
27 28
25 29
29 30
30 35
30 34
30 31
28 31
34 39
34 33
35 36
35 40
33 32
33 38
39 42
36 41
40 45
41 37
42 46
45 47
45 44
46 48
46 43
47 49
48 50
50 53
53 57
53 52
54 57
54 51
54 55
57 61
57 62
57 56
57 58
61 60
61 66
61 65
62 63
60 59
66 69
66 70
69 73
73 75
75 78
76 79
76 74
78 82
79 82
82 87
82 86
86 91
86 85
87 92
87 88
91 94
92 97