0 3 25 26 27 1 4 30 2 32 18 36 12 9 37 39 6 44 48 51 10 52 53 55 56 57 62 63 15 71 72 24 17 19 76 77 80 84 21 87 88 23 92 95 96 97 98 99 28 33 45 82 7 8 22 20 35 43 61 70 79 81 90
0 27
0 26
0 25
3 36
3 35
25 39
26 97
27 96
1 30
1 28
4 37
4 39
30 55
2 32
2 33
32 37
18 80
18 81
36 62
12 63
12 62
9 52
9 53
6 44
6 45
6 43
44 71
48 56
48 7
51 53
51 8
10 55
10 57
10 56
52 77
55 71
57 76
62 79
63 72
63 80
15 71
15 72
15 70
24 97
24 99
24 98
17 77
17 76
19 84
19 82
76 87
80 99
84 95
21 88
21 90
87 20
88 98
88 92
23 95
23 96
92 22
99 61