0 1 2 3 4 5 6 7 8 9 10 11 12 13 14 17 18 19 20 21 23 28 32 33 34 78 36 35 41 42 76 77 45 46 48 47 53 54 56 57 58 63 64 65 67 68 80 79 85 90 97 98 24 27 29 37 49 59 75 81 15 16 22 40 52 62 69 72 84 86 89 93 96
0 1
1 2
1 72
2 3
3 4
4 5
4 20
4 57
4 90
5 6
6 7
6 78
6 9
7 8
8 98
9 10
9 85
10 11
10 28
11 12
12 13
13 14
14 15
17 18
17 16
18 19
19 20
20 21
21 22
23 28
23 24
28 27
28 29
32 54
32 33
33 34
34 78
34 35
34 45
78 77
78 79
36 35
36 37
41 42
41 40
42 76
76 67
76 77
76 75
45 65
45 46
46 47
48 47
48 49
53 54
53 52
56 57
56 93
57 58
58 59
63 64
63 62
64 65
67 68
68 69
80 79
80 81
85 84
85 86
90 89
97 98
97 96