0 1 2 3 4 5 6 7 8 16 17 18 19 20 21 22 23 24 25 26 27 28 29 30 31 32 33 34 35 36 37 38 39 40 41 42 43 44 45 60 61 62 63 64 65 66 67 68 69 70 72 73 74 75 77 76 81 82 92 94 90 83 84 85 15 78 9 12 95 59 91 86 87 88 89
0 45
0 1
0 59
1 2
2 3
3 4
4 5
5 6
6 7
7 8
8 9
16 17
16 15
17 18
18 19
19 20
20 21
21 22
22 23
23 24
24 25
25 26
25 75
26 27
27 28
28 29
29 30
30 31
31 32
32 33
33 34
34 35
35 36
35 60
36 37
37 85
37 38
38 39
38 84
39 40
39 83
40 41
40 90
41 42
42 43
43 44
44 45
60 61
61 62
62 63
63 64
64 65
64 69
65 66
66 67
67 68
68 12
69 70
70 81
72 76
72 73
73 74
74 75
77 76
77 78
81 82
82 92
92 94
94 95
90 91
83 86
84 87
84 88
85 89