8 4 10 23 12 27 21 30 6 33 34 36 2 37 3 39 15 40 42 26 44 0 45 17 50 51 52 53 61 62 64 67 28 38 68 11 70 72 73 74 14 79 80 81 83 86 87 89 91 92 93 97 98 99 58 60 55 84 90 5 7 43 46 66 76 95 1 77 35 82 88
8 4
8 67
8 10
4 45
10 51
10 89
23 33
23 12
12 43
27 21
27 72
21 30
30 37
6 64
6 84
33 50
34 97
34 7
36 2
36 83
2 68
37 3
3 92
3 53
39 93
39 15
15 90
40 91
40 80
40 1
42 26
42 55
26 62
44 68
44 0
44 95
0 53
0 98
45 82
17 52
17 46
50 72
51 87
52 70
61 98
61 76
62 64
64 79
67 38
67 28
28 70
38 73
68 11
11 87
11 88
73 91
74 14
74 66
14 80
14 86
79 81
80 60
81 89
81 35
83 5
86 99
87 97
89 77
92 58
93 99