0 1 2 5 7 8 9 10 11 12 13 14 16 17 18 20 22 23 26 27 29 31 33 34 36 38 39 40 41 42 43 45 48 50 78 75 69 66 60 57 54 51 53 56 62 64 68 71 74 80 82 83 86 97 98 96 89 21 24 25 28 30 32 35 37 44 46 47 49 52 55 58 59 61
0 98
1 98
1 97
2 5
2 98
5 7
7 8
8 9
9 10
10 12
11 13
11 14
12 13
14 17
16 18
16 17
18 20
20 22
22 23
22 21
22 24
22 25
23 26
26 27
27 29
27 28
29 31
31 33
31 30
33 34
33 32
33 35
34 36
36 39
38 39
38 41
38 37
40 42
40 43
41 42
43 45
43 44
45 48
45 46
48 51
48 50
48 49
50 47
78 80
78 75
75 74
69 71
69 68
66 68
66 64
60 57
60 62
60 61
57 54
57 55
54 56
54 53
51 53
53 52
56 58
56 59
62 64
71 74
80 82
82 83
83 86
86 89
97 96