0 15 26 27 29 3 6 34 36 4 10 37 38 5 40 41 42 43 44 7 46 48 8 50 51 9 52 53 55 56 57 11 58 59 60 61 14 68 69 23 72 73 80 22 93 94 95 97 49 65 31 84 90 1 18 12 16 39 54 64 70 87 91
0 26
0 27
15 72
15 70
26 36
27 43
27 57
29 34
29 1
3 34
3 36
6 44
6 43
34 94
4 37
4 38
4 39
10 57
10 56
10 55
37 53
38 58
38 72
5 40
5 42
5 41
40 58
41 90
42 61
44 97
7 46
7 48
46 84
48 69
48 60
8 50
8 51
8 49
50 56
51 73
9 52
9 53
9 54
52 55
11 60
11 59
11 58
58 93
59 64
61 12
14 69
14 68
68 65
23 94
23 95
72 87
73 16
80 95
80 18
22 93
22 91
97 31