0 5 95 10 15 20 21 22 25 26 27 30 31 32 35 36 37 40 41 42 45 46 47 50 51 52 55 56 57 60 65 70 75 80 85 90 61 1 6 11 16 66 71 76 81 86 91 96 23 28 34 33 39 38 44 43 49 48 54 53 58
0 5
0 95
0 1
5 10
5 6
95 90
95 96
10 15
10 11
15 20
15 16
20 21
20 25
21 22
22 23
25 26
25 30
26 27
27 28
30 31
30 35
31 32
31 34
32 33
35 36
35 40
36 37
36 39
37 38
40 41
40 45
41 42
41 44
42 43
45 46
45 50
46 47
46 49
47 48
50 51
50 55
51 52
51 54
52 53
55 56
55 60
56 57
57 58
60 65
60 61
65 70
65 66
70 75
70 71
75 80
75 76
80 85
80 81
85 86
90 91