0 1 2 5 9 10 12 13 14 17 18 19 22 23 24 25 27 29 30 31 32 33 34 35 36 37 38 39 40 41 42 43 44 45 46 47 48 49 50 51 52 53 55 57 59 60 62 63 64 65 67 68 69 70 72 73 74 75 76 77 79 80 81 82 83 84 85 86 87 88 89 90 91 92 93 94 95 96 97 3 7 15 26 54 56 58 61 66 71 78 98
0 1
0 9
1 2
2 5
2 3
5 7
9 10
10 12
12 13
12 14
13 17
14 15
17 18
18 19
19 22
22 23
23 24
24 25
25 27
25 26
27 29
29 30
30 31
31 32
32 33
33 34
34 35
35 36
36 37
37 38
38 39
39 40
40 41
41 42
42 43
43 44
44 45
45 46
46 47
47 48
48 49
49 50
50 51
50 59
51 52
51 56
52 55
52 53
53 54
55 57
57 58
59 60
60 62
60 61
62 63
62 64
63 67
64 65
65 66
67 68
68 69
69 70
69 72
70 71
72 73
73 74
74 75
75 76
75 77
76 78
77 79
79 80
80 81
81 82
82 83
83 84
84 85
85 86
86 87
87 88
88 89
89 90
90 91
91 92
92 93
93 94
94 95
95 96
96 97
97 98