0 1 2 18 19 20 5 7 8 10 11 12 13 15 14 16 39 24 25 68 70 27 29 32 33 40 42 34 35 38 44 47 46 66 65 57 55 71 79 60 63 62 64 73 74 84 83 82 85 98 96 97 88 69 50 75 92 3 4 6 9 17 21 22 23 26 28 30 31 37 36 41 43 45 48 49 72
0 1
0 2
0 4
1 98
2 18
2 68
18 16
18 17
19 20
19 44
20 25
20 3
20 21
5 7
5 8
5 6
7 15
7 39
8 11
10 25
10 12
10 9
11 12
12 13
13 14
15 16
14 24
14 23
39 40
24 38
24 22
25 27
25 26
25 28
68 66
70 71
70 27
70 69
29 32
29 30
29 31
32 35
33 35
33 34
40 42
42 34
42 41
42 43
34 36
34 49
38 47
38 37
44 45
47 46
46 48
66 65
65 57
57 55
55 50
71 79
79 82
60 62
60 75
63 62
63 64
64 73
64 74
73 72
74 88
84 83
84 92
83 85
82 85
98 96
96 97
97 88