0 1 2 3 4 5 6 11 24 25 26 27 28 29 30 31 32 33 34 35 36 37 38 39 40 41 42 43 45 48 49 50 51 60 61 7 8 9 10 44 46 47 52 53 54 55 56 57 58 59 62 12 13 14 23 65 66 71 72 73 74 75 76 77 78 95 96 98
0 1
0 2
1 3
1 4
2 5
2 6
3 7
3 8
4 9
4 10
5 11
5 12
6 13
6 14
11 24
11 23
24 25
25 37
25 26
25 27
26 28
26 29
27 31
28 33
28 32
29 34
29 35
30 37
30 36
31 39
31 38
32 40
32 41
33 42
33 43
34 45
34 44
35 46
35 47
36 49
36 48
37 51
37 50
38 52
38 53
39 54
39 55
40 56
40 57
41 58
41 59
42 60
42 61
43 62
45 65
45 66
48 71
48 72
49 73
49 74
50 75
50 76
51 77
51 78
60 95
60 96
61 98