0 27 91 48 62 29 1 43 6 44 31 2 35 3 4 36 60 42 5 25 97 45 46 7 75 16 74 49 8 50 53 9 80 18 81 56 10 93 22 11 12 30 68 14 71 15 84 19 83 86 20 92 90 21 69 76 95 23 94 24 52 63 61 64 65 13 66 73 96 28 32 39 41 40 58 70 33 79
0 27
27 91
91 22
91 48
48 7
48 62
48 64
62 12
29 1
29 71
1 28
1 30
43 6
43 46
43 86
43 35
6 45
6 44
44 31
31 2
2 33
2 32
35 3
3 36
4 39
36 60
60 11
42 5
42 25
5 40
5 41
25 97
97 24
46 7
46 75
46 40
75 16
16 74
16 73
74 49
49 8
8 50
50 53
53 9
9 52
80 18
18 79
18 81
81 56
56 10
56 93
93 22
93 90
22 92
11 58
12 63
12 61
30 68
68 14
14 69
71 15
15 70
84 19
19 83
83 86
86 20
90 21
69 76
76 32
95 23
23 96
23 94
64 13
65 13
13 66
73 96
39 41