0 1 3 4 5 6 8 7 9 14 11 12 15 16 18 19 20 24 25 26 27 28 29 31 32 33 37 39 40 41 68 44 43 55 46 45 49 53 56 57 60 58 59 61 70 62 75 35 50 48 64 79 66 69 2 10 13 17 21 23 30 34 38 77
0 1
1 37
1 3
1 2
3 4
4 5
4 29
5 6
6 8
6 7
6 39
8 9
7 27
9 28
14 15
14 11
14 10
11 12
12 13
15 16
15 24
16 39
18 19
18 26
18 17
18 23
19 20
20 21
24 25
25 40
26 29
27 31
28 38
31 32
31 30
32 34
33 37
33 35
40 41
40 68
41 44
41 64
68 75
68 77
44 55
44 46
43 55
43 50
46 48
45 49
45 66
49 53
53 56
56 57
57 60
60 58
60 75
58 59
59 61
59 79
61 70
70 62
62 69