0 2 3 4 5 7 8 9 10 11 12 14 17 18 19 20 21 22 23 25 27 28 29 30 32 38 40 42 44 54 56 66 68 74 76 78 83 84 88 93 1 6 16 31 51 58 61 86 34 50 57 62 81 48 53 55 69 70 75 80 82 87 90 95
0 30
0 34
2 38
2 32
3 40
3 20
4 42
4 25
5 44
5 14
7 11
7 30
7 48
8 25
8 50
9 22
9 30
9 18
9 51
10 54
10 21
10 53
11 56
11 25
11 27
11 55
12 28
12 17
12 58
12 57
14 61
14 62
17 68
18 6
18 69
18 70
19 29
19 23
20 74
20 31
21 76
21 75
22 28
22 78
23 32
25 84
25 83
27 88
27 87
28 90
29 1
30 93
38 40
42 44
54 56
66 68
66 16
74 76
78 80
83 81
84 82
88 86
93 95