0 2 55 1 58 3 20 31 42 37 9 11 34 50 22 25 53 24 27 54 51 35 57 44 32 36 46 52 49 60 38 28 4 59 29 30 33 18 40 61 62 64 68 69 71 72 73 74 76 78 79 80 81 83 84 85 87 89 98 6 23 47
0 2
0 55
0 61
0 62
0 64
0 68
0 69
0 71
0 72
0 73
0 74
0 79
0 80
0 81
0 83
0 84
0 85
0 89
0 98
2 28
55 25
55 9
1 58
1 38
58 9
3 20
3 6
20 25
20 76
31 44
31 4
42 24
42 49
37 52
37 46
11 34
11 50
34 29
50 57
22 53
22 18
22 78
25 51
25 54
25 23
53 32
53 57
24 27
27 35
27 57
27 33
27 47
54 36
51 32
35 30
44 60
32 87
36 59
36 40
46 49
52 60