3 5 6 8 9 11 12 14 15 17 18 20 21 23 24 26 27 29 30 32 33 35 36 38 39 41 42 44 45 46 47 48 49 50 51 52 53 54 56 57 59 60 61 62 63 64 65 66 67 68 69 71 72 74 75 77 78 80 81 83 84 86 87 89 90 92 93 95 96 2 37 40 43 55 58 98
3 5
3 2
5 6
6 8
8 9
9 11
11 12
12 14
14 15
15 17
17 18
18 20
20 21
21 23
23 24
24 26
26 27
27 29
29 30
30 32
32 33
33 35
35 36
36 38
38 39
38 37
39 41
41 42
41 40
42 44
44 45
44 43
45 46
46 47
47 48
48 49
49 50
50 51
51 52
52 53
53 54
54 56
56 57
56 55
57 59
57 58
59 60
60 61
61 62
62 63
63 64
64 65
65 66
66 67
67 68
68 69
69 71
71 72
72 74
74 75
75 77
77 78
78 80
80 81
81 83
83 84
84 86
86 87
87 89
89 90
90 92
92 93
93 95
95 96
96 98