0 27 77 17 2 61 6 10 57 23 96 49 9 11 12 55 79 18 19 24 21 62 45 31 32 99 53 73 95 43 44 56 59 60 78 76 98 87 88 90 83 91 84 22 68 52 16 28 47 41 8 80 25 67 58 26 54 81 89
0 27
0 25
0 26
27 61
27 77
77 17
17 78
17 76
2 31
2 32
61 12
6 44
6 43
10 56
10 55
10 57
57 90
57 73
23 96
23 95
96 84
96 49
49 8
9 53
9 52
9 54
11 59
11 60
11 58
12 62
55 53
55 79
79 18
18 80
18 81
19 84
19 83
24 98
24 99
21 88
21 90
21 89
62 99
62 68
45 87
45 31
31 60
32 91
73 16
95 78
43 47
44 83
56 76
56 67
59 88
98 41
87 28
91 22