0 21 27 1 23 30 6 3 11 34 35 38 9 43 45 51 54 55 58 59 62 19 65 14 67 68 69 70 75 17 77 80 24 83 84 87 88 89 90 94 95 98 99 28 8 76 10 40 16 20 4 13 15 18 12 36 53 82 97
0 27
21 88
21 89
21 90
27 34
1 30
1 28
23 94
23 95
30 94
6 43
6 45
3 34
3 35
3 36
11 59
11 58
34 43
35 68
35 40
38 45
38 4
9 54
9 53
51 98
51 8
54 84
54 98
55 89
55 10
58 83
59 75
62 89
62 12
19 84
19 83
19 82
65 88
65 13
14 68
14 69
14 67
67 99
67 90
69 77
70 87
70 15
75 16
17 77
17 76
80 94
80 18
24 99
24 98
24 97
83 87
83 95
87 20