0 23 25 20 30 2 16 31 33 3 7 35 36 4 8 37 38 39 17 42 6 44 45 47 48 24 51 56 62 63 14 64 15 22 68 69 70 71 73 77 78 81 82 85 86 88 92 93 94 95 96 97 98 13 10 1 5 21 18 19 34 46 12 49 50 55 74 75 76 99
0 25
23 96
23 95
23 94
25 78
20 86
20 85
30 35
30 1
2 31
2 33
16 73
16 74
16 75
31 82
33 69
3 36
3 35
3 34
7 48
7 47
7 46
36 77
4 38
4 39
4 37
8 51
8 49
8 50
37 86
38 88
39 62
17 77
17 78
17 76
42 71
42 5
6 44
6 45
44 78
45 93
47 51
48 98
24 98
24 97
24 99
51 77
56 92
56 10
62 97
62 94
62 73
63 95
63 12
14 69
14 68
64 85
64 13
15 70
15 71
22 93
22 92
68 96
70 95
81 96
81 18
82 19
88 21
95 55