0 2 24 82 43 44 5 42 37 9 11 28 56 14 38 59 41 16 55 18 22 54 27 30 15 20 1 3 40 32 60 49 10 51 58 23 25 66 67 68 70 71 72 74 75 78 80 81 83 84 87 89 90 91 92 93 94 95 96 99 6 35 48 53
0 24
0 2
0 82
0 25
0 66
0 67
0 68
0 70
0 71
0 72
0 74
0 75
0 78
0 80
0 81
0 83
0 84
0 87
0 89
0 90
0 91
0 92
0 93
0 94
0 95
0 96
0 99
2 43
24 54
24 41
24 32
24 35
82 28
43 1
44 18
44 3
5 37
5 42
5 10
5 51
42 22
37 30
37 41
37 6
37 53
9 11
9 58
11 56
11 28
56 60
14 38
14 59
38 27
59 16
59 20
41 15
16 55
16 40
55 49
18 22
54 23
27 30
30 48