0 1 3 4 6 8 9 14 15 17 16 18 19 20 23 24 25 26 27 33 36 40 43 44 46 47 52 54 60 61 63 64 65 66 78 77 84 85 10 13 28 38 39 41 45 53 55 56 57 67 68 72 5 7 12 21 22 32 35 58 80 86 88 90 92 97 99
0 3
0 1
1 63
3 4
3 21
4 9
6 24
6 8
6 9
6 10
6 7
6 22
8 38
14 17
14 77
14 15
14 13
15 32
15 88
17 18
17 36
16 18
16 47
16 61
16 5
16 12
18 19
19 20
20 43
23 25
23 46
23 26
24 85
24 27
25 64
26 45
27 28
33 78
33 40
33 41
33 58
33 90
33 99
36 55
40 44
43 52
44 54
44 57
46 60
46 65
47 53
52 56
54 39
60 63
61 35
63 67
64 68
65 72
66 78
66 84
66 80
78 97
77 84
77 86
84 85
84 92