0 15 27 1 4 28 29 14 23 3 36 7 37 39 21 20 16 44 46 47 48 8 49 50 52 57 59 12 61 63 13 24 64 66 67 68 69 70 71 73 75 17 78 80 85 86 88 90 94 95 97 98 6 25 32 18 83 9 11 55 33 34 35 62 74 76 77 87 99
0 27
0 25
15 70
15 71
27 95
1 29
1 28
4 39
4 37
28 50
29 59
29 36
14 68
14 67
14 69
23 94
23 95
3 36
3 34
3 35
36 47
36 73
7 48
7 47
7 46
37 44
39 94
39 85
21 90
21 88
20 86
20 85
20 87
16 73
16 74
44 6
46 88
47 67
48 78
8 50
8 49
49 86
52 75
52 32
52 9
57 71
57 64
59 11
12 61
12 63
12 62
61 75
63 97
13 64
13 66
24 97
24 98
24 99
66 55
68 97
69 33
70 75
17 78
17 76
17 77
80 90
80 18
98 83