0 37 20 1 31 30 4 24 15 6 34 8 44 32 50 10 40 52 57 11 14 18 55 33 25 19 9 47 29 51 54 39 45 5 58 60 61 62 64 65 66 67 68 70 72 73 76 80 81 82 84 86 87 88 90 91 92 95 96 97 41 22 35
0 20
0 37
0 60
0 61
0 62
0 65
0 66
0 67
0 68
0 70
0 72
0 73
0 76
0 80
0 81
0 82
0 84
0 86
0 88
0 90
0 91
0 92
0 95
0 96
0 97
37 5
20 10
20 25
1 31
1 45
31 6
30 15
30 58
4 24
4 15
24 25
15 55
6 34
34 11
8 32
8 44
44 33
32 14
50 10
50 9
10 40
10 57
10 52
10 64
40 18
40 87
40 22
52 39
52 35
57 11
11 47
11 29
11 41
14 18
14 51
55 54
33 19