0 1 2 3 6 9 10 11 12 13 14 15 16 17 18 25 27 29 30 31 32 39 40 54 58 62 64 69 71 82 84 94 96 87 4 5 7 8 19 21 22 23 24 63 66 67 91 92 20 37 38 51 53 56 57 59 60 88 97 98
0 11
1 18
1 22
2 31
2 12
2 29
3 39
3 40
3 27
3 17
3 32
3 15
3 8
6 14
6 21
9 12
9 11
9 23
9 51
10 16
10 32
10 12
10 54
10 53
12 58
12 18
12 57
13 16
13 59
14 62
14 25
15 64
15 63
16 66
17 67
18 69
25 84
27 87
27 7
27 20
27 88
29 91
29 92
30 94
30 5
31 96
32 4
32 97
32 98
39 37
40 38
54 56
58 60
62 64
69 71
71 19
82 84
82 24
94 96