0 25 26 27 3 28 16 34 36 4 10 37 39 20 41 6 15 43 44 45 7 47 8 18 49 50 51 52 24 55 56 11 58 59 22 64 71 73 74 78 80 81 82 86 87 89 91 93 97 99 1 96 19 5 17 9 13 21 35 46 70 72 75 79 92 98
0 25
0 26
0 27
25 39
26 82
27 52
3 36
3 34
3 35
28 34
28 1
16 74
16 73
16 75
36 45
36 64
4 37
4 39
10 56
10 55
37 74
20 86
20 87
41 58
41 5
6 44
6 45
6 43
15 71
15 70
15 72
43 93
44 73
45 97
7 47
7 46
47 71
8 49
8 50
8 51
18 81
18 80
18 79
49 89
50 81
51 96
52 9
24 99
24 97
55 78
56 80
11 58
11 59
59 86
22 93
22 91
22 92
64 13
71 81
78 17
81 99
82 19
87 91
89 21
93 98