0 54 1 87 2 68 55 40 82 49 9 23 11 58 13 78 14 16 36 17 64 81 20 21 27 22 29 26 74 83 42 31 39 37 67 46 71 48 70 52 57 77 75 92 4 85 69 60 19 90 79 95 45 47 50 96 86 89 7 10 15 34 43 44 51 53 61 65 73 80
0 70
0 58
0 54
54 23
1 87
1 40
87 46
2 64
2 68
68 70
55 31
55 48
55 50
40 4
40 47
82 22
82 96
49 67
49 70
49 7
9 23
9 14
9 79
23 29
23 65
11 74
11 58
11 10
58 92
58 20
58 34
13 78
13 57
78 75
78 22
14 15
14 51
16 36
16 53
16 61
36 20
36 37
36 90
17 71
17 64
64 22
64 77
81 48
81 19
20 52
21 27
21 69
27 83
29 42
26 74
26 43
74 73
83 52
42 45
31 39
39 37
67 44
46 71
46 86
57 95
77 85
77 89
75 60
92 80